[0m18:31:42.800707 [debug] [MainThread]: Sending event: {'category': 'dbt', 'action': 'invocation', 'label': 'start', 'context': [<snowplow_tracker.self_describing_json.SelfDescribingJson object at 0x7cd3b0a75a60>, <snowplow_tracker.self_describing_json.SelfDescribingJson object at 0x7cd3b12efc20>, <snowplow_tracker.self_describing_json.SelfDescribingJson object at 0x7cd3b0a77e60>]}


============================== 18:31:42.805130 | 63157a87-c92a-4ecd-a8d9-2eaebacc0e6f ==============================
[0m18:31:42.805130 [info ] [MainThread]: Running with dbt=1.9.8
[0m18:31:42.806048 [debug] [MainThread]: running dbt with arguments {'printer_width': '80', 'indirect_selection': 'eager', 'write_json': 'True', 'log_cache_events': 'False', 'partial_parse': 'True', 'cache_selected_only': 'False', 'warn_error': 'None', 'fail_fast': 'False', 'version_check': 'True', 'log_path': 'logs', 'debug': 'False', 'profiles_dir': '/home/mohamed/.dbt', 'use_colors': 'True', 'use_experimental_parser': 'False', 'no_print': 'None', 'quiet': 'False', 'empty': 'None', 'warn_error_options': 'WarnErrorOptions(include=[], exclude=[])', 'invocation_command': 'dbt init my_dbt_project', 'static_parser': 'True', 'log_format': 'default', 'target_path': 'None', 'introspect': 'True', 'send_anonymous_usage_stats': 'True'}
[0m18:31:42.823187 [warn ] [MainThread]: [ConfigFolderDirectory]: Unable to parse logging event dictionary. Failed to parse dir field: expected string or bytes-like object, got 'PosixPath'.. Dictionary: {'dir': PosixPath('/home/mohamed/.dbt')}
[0m18:31:42.824280 [info ] [MainThread]: Creating dbt configuration folder at 
[0m18:31:42.826972 [debug] [MainThread]: Starter project path: /home/mohamed/dbt_projecct/dbt-env/lib/python3.12/site-packages/dbt/include/starter_project
[0m18:31:42.832268 [info ] [MainThread]: 
Your new dbt project "my_dbt_project" was created!

For more information on how to configure the profiles.yml file,
please consult the dbt documentation here:

  https://docs.getdbt.com/docs/configure-your-profile

One more thing:

Need help? Don't hesitate to reach out to us via GitHub issues or on Slack:

  https://community.getdbt.com/

Happy modeling!

[0m18:31:42.833386 [info ] [MainThread]: Setting up your profile.
[0m18:39:40.313385 [info ] [MainThread]: Profile my_dbt_project written to /home/mohamed/.dbt/profiles.yml using target's profile_template.yml and your supplied values. Run 'dbt debug' to validate the connection.
[0m18:39:40.321011 [debug] [MainThread]: Resource report: {"command_name": "init", "command_success": true, "command_wall_clock_time": 477.59824, "process_in_blocks": "2040", "process_kernel_time": 0.324762, "process_mem_max_rss": "118548", "process_out_blocks": "80", "process_user_time": 2.695025}
[0m18:39:40.323811 [debug] [MainThread]: Command `dbt init` succeeded at 18:39:40.323260 after 477.60 seconds
[0m18:39:40.325647 [debug] [MainThread]: Sending event: {'category': 'dbt', 'action': 'invocation', 'label': 'end', 'context': [<snowplow_tracker.self_describing_json.SelfDescribingJson object at 0x7cd3b0aae570>, <snowplow_tracker.self_describing_json.SelfDescribingJson object at 0x7cd3af416f00>, <snowplow_tracker.self_describing_json.SelfDescribingJson object at 0x7cd3af08b260>]}
[0m18:39:40.327789 [debug] [MainThread]: Flushing usage events
[0m18:39:41.722921 [debug] [MainThread]: An error was encountered while trying to flush usage events
